000 (5666864.011.000) 08/07 09:50:48 Job submitted from host: <137.138.44.55:9618?addrs=137.138.44.55-9618+[2001-1458-d00-1a--48]-9618&alias=bigbird17.cern.ch&noUDP&sock=schedd_7840_2a97>
...
040 (5666864.011.000) 08/07 09:53:59 Started transferring input files
	Transferring to host: <128.142.56.142:9618?addrs=128.142.56.142-9618+[2001-1458-301-6--100-8d]-9618&alias=b7s01p9733.cern.ch&noUDP&sock=slot1_19_4117_8c80_129130>
...
040 (5666864.011.000) 08/07 09:53:59 Finished transferring input files
...
001 (5666864.011.000) 08/07 09:53:59 Job executing on host: <128.142.56.142:9618?addrs=128.142.56.142-9618+[2001-1458-301-6--100-8d]-9618&alias=b7s01p9733.cern.ch&noUDP&sock=startd_2962_439c>
...
006 (5666864.011.000) 08/07 09:54:01 Image size of job updated: 143152
	0  -  MemoryUsage of job (MB)
	0  -  ResidentSetSize of job (KB)
...
040 (5666864.011.000) 08/07 09:54:01 Started transferring output files
...
040 (5666864.011.000) 08/07 09:54:01 Finished transferring output files
...
005 (5666864.011.000) 08/07 09:54:01 Job terminated.
	(1) Normal termination (return value 0)
		Usr 0 00:00:00, Sys 0 00:00:00  -  Run Remote Usage
		Usr 0 00:00:00, Sys 0 00:00:00  -  Run Local Usage
		Usr 0 00:00:00, Sys 0 00:00:00  -  Total Remote Usage
		Usr 0 00:00:00, Sys 0 00:00:00  -  Total Local Usage
	251  -  Run Bytes Sent By Job
	3187562  -  Run Bytes Received By Job
	251  -  Total Bytes Sent By Job
	3187562  -  Total Bytes Received By Job
	Partitionable Resources :    Usage  Request Allocated 
	   Cpus                 :                 1         1 
	   Disk (KB)            :     3129     3250   1318404 
	   Memory (MB)          :        0     2000      2000 

	Job terminated of its own accord at 2023-08-07T07:54:01Z.
...
