000 (5666864.003.000) 08/07 09:50:48 Job submitted from host: <137.138.44.55:9618?addrs=137.138.44.55-9618+[2001-1458-d00-1a--48]-9618&alias=bigbird17.cern.ch&noUDP&sock=schedd_7840_2a97>
...
040 (5666864.003.000) 08/07 09:53:45 Started transferring input files
	Transferring to host: <128.142.248.234:9618?addrs=128.142.248.234-9618+[2001-1458-301-73--100-e9]-9618&alias=b7g23p9876.cern.ch&noUDP&sock=slot1_1_3750_f6d2_82499>
...
040 (5666864.003.000) 08/07 09:53:45 Finished transferring input files
...
001 (5666864.003.000) 08/07 09:53:45 Job executing on host: <128.142.248.234:9618?addrs=128.142.248.234-9618+[2001-1458-301-73--100-e9]-9618&alias=b7g23p9876.cern.ch&noUDP&sock=startd_3259_fb3d>
...
006 (5666864.003.000) 08/07 09:53:47 Image size of job updated: 384740
	0  -  MemoryUsage of job (MB)
	0  -  ResidentSetSize of job (KB)
...
040 (5666864.003.000) 08/07 09:53:48 Started transferring output files
...
040 (5666864.003.000) 08/07 09:53:48 Finished transferring output files
...
005 (5666864.003.000) 08/07 09:53:48 Job terminated.
	(1) Normal termination (return value 0)
		Usr 0 00:00:00, Sys 0 00:00:00  -  Run Remote Usage
		Usr 0 00:00:00, Sys 0 00:00:00  -  Run Local Usage
		Usr 0 00:00:00, Sys 0 00:00:00  -  Total Remote Usage
		Usr 0 00:00:00, Sys 0 00:00:00  -  Total Local Usage
	251  -  Run Bytes Sent By Job
	3187562  -  Run Bytes Received By Job
	251  -  Total Bytes Sent By Job
	3187562  -  Total Bytes Received By Job
	Partitionable Resources :    Usage  Request Allocated 
	   Cpus                 :                 1         1 
	   Disk (KB)            :     3130     3250   2951306 
	   Memory (MB)          :        0     2000      2000 

	Job terminated of its own accord at 2023-08-07T07:53:47Z.
...
